{
  "RSpec": {
    "coverage": {
      "/parking-api/app/helpers/application_helper.rb": {
        "lines": [
          1,
          null
        ]
      },
      "/parking-api/app/helpers/parking_helper.rb": {
        "lines": [
          null,
          null,
          null,
          1,
          null
        ]
      },
      "/parking-api/app/controllers/parking_controller.rb": {
        "lines": [
          null,
          null,
          null,
          1,
          1,
          null,
          1,
          4,
          4,
          2,
          null,
          2,
          null,
          null,
          null,
          null,
          1,
          2,
          null,
          2,
          1,
          null,
          1,
          null,
          null,
          null,
          null,
          1,
          null,
          null,
          null,
          null,
          2,
          null,
          null,
          null,
          1,
          2,
          null,
          1,
          1,
          null,
          null,
          1,
          null,
          1,
          12,
          null,
          null,
          1,
          4,
          4,
          4,
          null,
          null
        ]
      },
      "/parking-api/app/controllers/application_controller.rb": {
        "lines": [
          1,
          1,
          null
        ]
      },
      "/parking-api/app/models/parking.rb": {
        "lines": [
          null,
          null,
          null,
          1,
          1,
          null,
          null,
          1,
          3,
          null,
          null,
          null,
          1,
          3,
          null,
          null
        ]
      },
      "/parking-api/app/models/application_record.rb": {
        "lines": [
          1,
          1,
          null
        ]
      }
    },
    "timestamp": 1587670497
  }
}
